<?xml version="1.0" encoding="UTF-8"?>
<!-- Generated by org.testng.reporters.JUnitReportReporter -->
<testsuite hostname="DESKTOP-IIJBI9M" failures="0" tests="4" name="com.qa.opencart.tests.AccountPageTest" time="3.422" errors="0" timestamp="20 Apr 2021 16:42:48 GMT" skipped="0">
  <testcase classname="com.qa.opencart.tests.AccountPageTest" name="accPageHeaderTest" time="2.087"/>
  <testcase classname="com.qa.opencart.tests.AccountPageTest" name="accPageTitleTest" time="0.034"/>
  <testcase classname="com.qa.opencart.tests.AccountPageTest" name="accSectionsListTest" time="0.255"/>
  <testcase classname="com.qa.opencart.tests.AccountPageTest" name="logoutLinkTest" time="1.046"/>
</testsuite> <!-- com.qa.opencart.tests.AccountPageTest -->
