<?xml version="1.0" encoding="UTF-8"?>
<!-- Generated by org.testng.reporters.JUnitReportReporter -->
<testsuite hostname="DESKTOP-IIJBI9M" failures="0" tests="6" name="com.qa.opencart.tests.ProductInfoTest" time="10.411" errors="0" timestamp="20 Apr 2021 16:42:48 GMT" skipped="3">
  <testcase classname="com.qa.opencart.tests.ProductInfoTest" name="productCountTest" time="3.072"/>
  <testcase classname="com.qa.opencart.tests.ProductInfoTest" name="productCountTest" time="4.448"/>
  <testcase classname="com.qa.opencart.tests.ProductInfoTest" name="productCountTest" time="2.891"/>
  <testcase classname="com.qa.opencart.tests.ProductInfoTest" name="getProductInfoTest">
    <skipped/>
  </testcase> <!-- getProductInfoTest -->
  <testcase classname="com.qa.opencart.tests.ProductInfoTest" name="productInfoHeaderTest">
    <skipped/>
  </testcase> <!-- productInfoHeaderTest -->
  <testcase classname="com.qa.opencart.tests.ProductInfoTest" name="productImagesTest">
    <skipped/>
  </testcase> <!-- productImagesTest -->
</testsuite> <!-- com.qa.opencart.tests.ProductInfoTest -->
